make all --print-data-base --no-builtin-variables --no-builtin-rules --question
# GNU Make 4.3
# Built for x86_64-pc-linux-gnu
# Copyright (C) 1988-2020 Free Software Foundation, Inc.
# License GPLv3+: GNU GPL version 3 or later <http://gnu.org/licenses/gpl.html>
# This is free software: you are free to change and redistribute it.
# There is NO WARRANTY, to the extent permitted by law.

# Make data base, printed on Thu Sep 29 16:28:44 2022

# Variables

# environment
GDK_BACKEND = x11
# environment
LC_ALL = C
# environment
GNOME_SHELL_SESSION_MODE = ubuntu
# environment
SSH_AGENT_LAUNCHER = gnome-keyring
# environment
BYOBU_HIGHLIGHT = \#DD4814
# environment
SNAP_INSTANCE_KEY = 
# environment
VSCODE_CWD = /home/jurandy
# environment
LESS_TERMCAP_me = [0m
# environment
NVM_DIR = /home/jurandy/.nvm
# default
MAKE_COMMAND := make
# environment
QT_ACCESSIBILITY = 1
# automatic
@D = $(patsubst %/,%,$(dir $@))
# environment
SNAP_INSTANCE_NAME = code
# environment
BYOBU_EDITOR = sensible-editor
# environment
GDK_PIXBUF_MODULEDIR = /snap/code/108/usr/lib/x86_64-linux-gnu/gdk-pixbuf-2.0/2.10.0/loaders
# environment
VSCODE_HANDLES_UNCAUGHT_ERRORS = true
# default
.VARIABLES := 
# environment
PWD = /home/jurandy/Projetos/colario
# automatic
%D = $(patsubst %/,%,$(dir $%))
# environment
BYOBU_LIGHT = \#EEEEEE
# environment
XDG_DATA_DIRS = /usr/local/share/:/usr/share/:/var/lib/snapd/desktop
# environment
OLDPWD = /home/jurandy
# automatic
^D = $(patsubst %/,%,$(dir $^))
# automatic
%F = $(notdir $%)
# environment
VSCODE_CODE_CACHE_PATH = /home/jurandy/.config/Code/CachedData/74b1f979648cc44d385a2286793c226e611f59e7
# environment
LANG = C
# environment
XAUTHORITY = /run/user/1000/.mutter-Xwaylandauth.H43CT1
# default
.LOADED := 
# environment
BYOBU_DISTRO = Ubuntu
# environment
LESS_TERMCAP_md = [1;36m
# default
.INCLUDE_DIRS = /usr/local/include /usr/include /usr/include
# makefile
MAKEFLAGS = pqrR
# environment
LESS_TERMCAP_so = [01;33m
# environment
BYOBU_ULIMIT = ulimit
# environment
DBUS_STARTER_ADDRESS = unix:path=/run/user/1000/bus,guid=65eba33ca44ac250dff0f0a36335e401
# makefile
CURDIR := /home/jurandy/Projetos/colario
# environment
APPLICATION_INSIGHTS_NO_DIAGNOSTIC_CHANNEL = 1
# automatic
*D = $(patsubst %/,%,$(dir $*))
# environment
LESS_TERMCAP_ue = [0m
# environment
MFLAGS = -pqrR
# environment
SSH_AUTH_SOCK = /run/user/1000/keyring/ssh
# default
.SHELLFLAGS := -c
# environment
WAYLAND_DISPLAY = wayland-0
# automatic
+D = $(patsubst %/,%,$(dir $+))
# environment
XDG_SESSION_DESKTOP = ubuntu
# environment
BYOBU_DARK = \#333333
# makefile
MAKEFILE_LIST := 
# environment
SNAP_REEXEC = 
# automatic
@F = $(notdir $@)
# environment
VSCODE_PID = 34549
# environment
XDG_SESSION_TYPE = wayland
# automatic
?D = $(patsubst %/,%,$(dir $?))
# environment
BAMF_DESKTOP_FILE_HINT = /var/lib/snapd/desktop/applications/code_code.desktop
# environment
SESSION_MANAGER = local/cachalote:@/tmp/.ICE-unix/2251,unix/cachalote:/tmp/.ICE-unix/2251
# environment
PROMPT_EOL_MARK = 
# automatic
*F = $(notdir $*)
# environment
CHROME_DESKTOP = code-url-handler.desktop
# environment
DBUS_SESSION_BUS_ADDRESS = unix:path=/run/user/1000/bus,guid=65eba33ca44ac250dff0f0a36335e401
# environment
BYOBU_ACCENT = \#75507B
# automatic
<D = $(patsubst %/,%,$(dir $<))
# environment
BYOBU_RUN_DIR = /dev/shm/byobu-jurandy-uxgrnbeI
# environment
VSCODE_NLS_CONFIG = {"locale":"pt-br","availableLanguages":{"*":"pt-br"},"_languagePackId":"8e3dc13031d424b1c863f56fbf15ff61.pt-br","_translationsConfigFile":"/home/jurandy/.config/Code/clp/8e3dc13031d424b1c863f56fbf15ff61.pt-br/tcf.json","_cacheRoot":"/home/jurandy/.config/Code/clp/8e3dc13031d424b1c863f56fbf15ff61.pt-br","_resolvedLanguagePackCoreLocation":"/home/jurandy/.config/Code/clp/8e3dc13031d424b1c863f56fbf15ff61.pt-br/74b1f979648cc44d385a2286793c226e611f59e7","_corruptedFile":"/home/jurandy/.config/Code/clp/8e3dc13031d424b1c863f56fbf15ff61.pt-br/corrupted.info","_languagePackSupport":true}
# default
MAKE_HOST := x86_64-pc-linux-gnu
# environment
GNOME_DESKTOP_SESSION_ID = this-is-deprecated
# makefile
SHELL = /bin/sh
# environment
LESS_TERMCAP_us = [1;32m
# default
MAKECMDGOALS := all
# environment
XMODIFIERS = @im=ibus
# environment
BYOBU_CONFIG_DIR = /home/jurandy/.byobu
# environment
SHLVL = 0
# environment
MAKELEVEL := 0
# default
MAKE = $(MAKE_COMMAND)
# environment
SNAP_COOKIE = GPDeU4u5p7OImhCWgS8x90q-SZM59I9EBWiXPy9RAOWZBVPuyQEI
# environment
PATH = /usr/local/sbin:/usr/local/bin:/usr/sbin:/usr/bin:/sbin:/bin:/usr/games:/usr/local/games:/snap/bin:/snap/bin:/home/jurandy/.local/bin
# environment
LESS_TERMCAP_se = [0m
# default
MAKEFILES := 
# environment
LANGUAGE = pt_BR:pt:en
# environment
BYOBU_DATE = %Y-%m-%d 
# automatic
^F = $(notdir $^)
# environment
SNAP_USER_COMMON = /home/jurandy/snap/code/common
# environment
BYOBU_BACKEND = tmux
# environment
LESS_TERMCAP_mb = [1;31m
# environment
SNAP = /snap/code/108
# environment
INVOCATION_ID = 23786896c4574bf2a05e619e86df0fbf
# environment
SNAP_REVISION = 108
# environment
SNAP_REAL_HOME = /home/jurandy
# environment
USERNAME = jurandy
# environment
GNOME_SETUP_DISPLAY = :1
# automatic
?F = $(notdir $?)
# environment
XDG_CURRENT_DESKTOP = Unity
# environment
LS_COLORS = 
# automatic
+F = $(notdir $+)
# environment
DESKTOP_SESSION = ubuntu
# environment
BYOBU_READLINK = readlink
# environment
ORIGINAL_XDG_CURRENT_DESKTOP = ubuntu:GNOME
# 'override' directive
GNUMAKEFLAGS := 
# environment
LOGNAME = jurandy
# environment
GIO_LAUNCHED_DESKTOP_FILE = /var/lib/snapd/desktop/applications/code_code.desktop
# environment
SNAP_ARCH = amd64
# environment
BYOBU_WINDOW_NAME = -
# makefile
.DEFAULT_GOAL := 
# environment
BYOBU_SED = sed
# environment
SYSTEMD_EXEC_PID = 2251
# environment
DISPLAY = :0
# environment
USER = jurandy
# environment
GTK_MODULES = gail:atk-bridge
# environment
BYOBU_PREFIX = /usr
# default
MAKE_VERSION := 4.3
# environment
BYOBU_PAGER = sensible-pager
# environment
SNAP_DATA = /var/snap/code/108
# environment
SNAP_CONTEXT = GPDeU4u5p7OImhCWgS8x90q-SZM59I9EBWiXPy9RAOWZBVPuyQEI
# environment
MANAGERPID = 2094
# environment
DBUS_STARTER_BUS_TYPE = session
# environment
GIO_LAUNCHED_DESKTOP_FILE_PID = 34501
# environment
_ = /snap/code/108/usr/share/code/code
# environment
XDG_RUNTIME_DIR = /run/user/1000
# environment
GDK_PIXBUF_MODULE_FILE = /home/jurandy/snap/code/common/.cache/gdk-pixbuf-loaders.cache
# environment
BYOBU_TIME = %H:%M:%S
# environment
JOURNAL_STREAM = 8:36082
# environment
XDG_SESSION_CLASS = user
# environment
VSCODE_AMD_ENTRYPOINT = vs/workbench/api/node/extensionHostProcess
# environment
HOME = /home/jurandy
# environment
BYOBU_PYTHON = python3
# environment
QT_IM_MODULE = ibus
# environment
ELECTRON_RUN_AS_NODE = 1
# environment
VSCODE_IPC_HOOK = /run/user/1000/vscode-96ce892f-1.71.2-main.sock
# environment
SNAP_NAME = code
# environment
GSETTINGS_SCHEMA_DIR = /snap/code/108/usr/share/glib-2.0/schemas
# default
.RECIPEPREFIX := 
# automatic
<F = $(notdir $<)
# environment
SNAP_VERSION = 74b1f979
# default
SUFFIXES := 
# environment
VSCODE_CLI = 1
# environment
ELECTRON_NO_ATTACH_CONSOLE = 1
# environment
SNAP_COMMON = /var/snap/code/common
# default
.FEATURES := target-specific order-only second-expansion else-if shortest-stem undefine oneshell nocomment grouped-target extra-prereqs archives jobserver output-sync check-symlink load
# environment
SNAP_USER_DATA = /home/jurandy/snap/code/108
# environment
XDG_MENU_PREFIX = gnome-
# environment
GDMSESSION = ubuntu
# environment
SNAP_LIBRARY_PATH = /var/lib/snapd/lib/gl:/var/lib/snapd/lib/gl32:/var/lib/snapd/void
# variable set hash-table stats:
 
make: *** No rule to make target 'all'.  Stop.

# Load=140/1024=14%, Rehash=0, Collisions=16/167=10%

# Pattern-specific Variable Values

# No pattern-specific variable values.

# Directories

# . (device 2053, inode 7344978): 13 files, no impossibilities.

# 13 files, no impossibilities in 1 directories.

# Implicit Rules

# No implicit rules.

# Files

# Not a target:
Makefile:
#  Implicit rule search has been done.
#  File does not exist.
#  File has been updated.
#  Failed to be updated.

# Not a target:
.DEFAULT:
#  Implicit rule search has not been done.
#  Modification time never checked.
#  File has not been updated.

# Not a target:
all:
#  Command line target.
#  Implicit rule search has been done.
#  File does not exist.
#  File has not been updated.

# Not a target:
makefile:
#  Implicit rule search has been done.
#  File does not exist.
#  File has been updated.
#  Failed to be updated.

# Not a target:
GNUmakefile:
#  Implicit rule search has been done.
#  File does not exist.
#  File has been updated.
#  Failed to be updated.

# files hash-table stats:
# Load=6/1024=1%, Rehash=0, Collisions=0/15=0%
# VPATH Search Paths

# No 'vpath' search paths.

# No general ('VPATH' variable) search path.

# strcache buffers: 1 (0) / strings = 21 / storage = 207 B / avg = 9 B
# current buf: size = 8162 B / used = 207 B / count = 21 / avg = 9 B

# strcache performance: lookups = 24 / hit rate = 12%
# hash-table stats:
# Load=21/8192=0%, Rehash=0, Collisions=0/24=0%
# Finished Make data base on Thu Sep 29 16:28:45 2022

 
